{"/root/hw/cards/backend/api/CRUD/addComment.js": {"path":"/root/hw/cards/backend/api/CRUD/addComment.js","statementMap":{"0":{"start":{"line":1,"column":18},"end":{"line":1,"column":47}},"1":{"start":{"line":3,"column":25},"end":{"line":8,"column":1}},"2":{"start":{"line":4,"column":2},"end":{"line":4,"column":61}},"3":{"start":{"line":4,"column":49},"end":{"line":4,"column":61}},"4":{"start":{"line":5,"column":18},"end":{"line":5,"column":33}},"5":{"start":{"line":6,"column":2},"end":{"line":6,"column":45}},"6":{"start":{"line":6,"column":30},"end":{"line":6,"column":45}},"7":{"start":{"line":7,"column":2},"end":{"line":7,"column":17}},"8":{"start":{"line":11,"column":0},"end":{"line":11,"column":44}},"9":{"start":{"line":13,"column":0},"end":{"line":74,"column":2}},"10":{"start":{"line":14,"column":2},"end":{"line":73,"column":5}},"11":{"start":{"line":15,"column":4},"end":{"line":72,"column":5}},"12":{"start":{"line":16,"column":46},"end":{"line":16,"column":54}},"13":{"start":{"line":18,"column":6},"end":{"line":20,"column":7}},"14":{"start":{"line":19,"column":8},"end":{"line":19,"column":74}},"15":{"start":{"line":22,"column":6},"end":{"line":24,"column":7}},"16":{"start":{"line":23,"column":8},"end":{"line":23,"column":88}},"17":{"start":{"line":26,"column":19},"end":{"line":26,"column":52}},"18":{"start":{"line":27,"column":6},"end":{"line":29,"column":7}},"19":{"start":{"line":28,"column":8},"end":{"line":28,"column":64}},"20":{"start":{"line":31,"column":17},"end":{"line":31,"column":42}},"21":{"start":{"line":32,"column":21},"end":{"line":32,"column":44}},"22":{"start":{"line":34,"column":27},"end":{"line":34,"column":52}},"23":{"start":{"line":36,"column":25},"end":{"line":42,"column":7}},"24":{"start":{"line":44,"column":27},"end":{"line":50,"column":7}},"25":{"start":{"line":52,"column":25},"end":{"line":52,"column":44}},"26":{"start":{"line":54,"column":6},"end":{"line":60,"column":7}},"27":{"start":{"line":55,"column":8},"end":{"line":55,"column":71}},"28":{"start":{"line":56,"column":8},"end":{"line":59,"column":9}},"29":{"start":{"line":57,"column":33},"end":{"line":57,"column":57}},"30":{"start":{"line":58,"column":10},"end":{"line":58,"column":91}},"31":{"start":{"line":62,"column":29},"end":{"line":62,"column":53}},"32":{"start":{"line":64,"column":6},"end":{"line":68,"column":9}},"33":{"start":{"line":70,"column":6},"end":{"line":70,"column":54}},"34":{"start":{"line":71,"column":6},"end":{"line":71,"column":54}}},"fnMap":{"0":{"name":"(anonymous_0)","decl":{"start":{"line":3,"column":25},"end":{"line":3,"column":26}},"loc":{"start":{"line":3,"column":38},"end":{"line":8,"column":1}},"line":3},"1":{"name":"(anonymous_1)","decl":{"start":{"line":13,"column":17},"end":{"line":13,"column":18}},"loc":{"start":{"line":13,"column":50},"end":{"line":74,"column":1}},"line":13},"2":{"name":"(anonymous_2)","decl":{"start":{"line":14,"column":21},"end":{"line":14,"column":22}},"loc":{"start":{"line":14,"column":41},"end":{"line":73,"column":3}},"line":14}},"branchMap":{"0":{"loc":{"start":{"line":4,"column":2},"end":{"line":4,"column":61}},"type":"if","locations":[{"start":{"line":4,"column":2},"end":{"line":4,"column":61}},{"start":{},"end":{}}],"line":4},"1":{"loc":{"start":{"line":4,"column":6},"end":{"line":4,"column":47}},"type":"binary-expr","locations":[{"start":{"line":4,"column":6},"end":{"line":4,"column":27}},{"start":{"line":4,"column":31},"end":{"line":4,"column":47}}],"line":4},"2":{"loc":{"start":{"line":6,"column":2},"end":{"line":6,"column":45}},"type":"if","locations":[{"start":{"line":6,"column":2},"end":{"line":6,"column":45}},{"start":{},"end":{}}],"line":6},"3":{"loc":{"start":{"line":18,"column":6},"end":{"line":20,"column":7}},"type":"if","locations":[{"start":{"line":18,"column":6},"end":{"line":20,"column":7}},{"start":{},"end":{}}],"line":18},"4":{"loc":{"start":{"line":18,"column":10},"end":{"line":18,"column":130}},"type":"binary-expr","locations":[{"start":{"line":18,"column":10},"end":{"line":18,"column":16}},{"start":{"line":18,"column":20},"end":{"line":18,"column":32}},{"start":{"line":18,"column":36},"end":{"line":18,"column":67}},{"start":{"line":18,"column":71},"end":{"line":18,"column":92}},{"start":{"line":18,"column":96},"end":{"line":18,"column":112}},{"start":{"line":18,"column":116},"end":{"line":18,"column":130}}],"line":18},"5":{"loc":{"start":{"line":22,"column":6},"end":{"line":24,"column":7}},"type":"if","locations":[{"start":{"line":22,"column":6},"end":{"line":24,"column":7}},{"start":{},"end":{}}],"line":22},"6":{"loc":{"start":{"line":27,"column":6},"end":{"line":29,"column":7}},"type":"if","locations":[{"start":{"line":27,"column":6},"end":{"line":29,"column":7}},{"start":{},"end":{}}],"line":27},"7":{"loc":{"start":{"line":39,"column":23},"end":{"line":39,"column":48}},"type":"binary-expr","locations":[{"start":{"line":39,"column":23},"end":{"line":39,"column":37}},{"start":{"line":39,"column":41},"end":{"line":39,"column":48}}],"line":39},"8":{"loc":{"start":{"line":39,"column":52},"end":{"line":39,"column":71}},"type":"binary-expr","locations":[{"start":{"line":39,"column":52},"end":{"line":39,"column":65}},{"start":{"line":39,"column":69},"end":{"line":39,"column":71}}],"line":39},"9":{"loc":{"start":{"line":54,"column":6},"end":{"line":60,"column":7}},"type":"if","locations":[{"start":{"line":54,"column":6},"end":{"line":60,"column":7}},{"start":{},"end":{}}],"line":54},"10":{"loc":{"start":{"line":56,"column":8},"end":{"line":59,"column":9}},"type":"if","locations":[{"start":{"line":56,"column":8},"end":{"line":59,"column":9}},{"start":{},"end":{}}],"line":56}},"s":{"0":1,"1":1,"2":6,"3":2,"4":4,"5":4,"6":3,"7":1,"8":1,"9":1,"10":7,"11":7,"12":7,"13":7,"14":1,"15":6,"16":1,"17":5,"18":5,"19":1,"20":4,"21":4,"22":4,"23":4,"24":4,"25":3,"26":3,"27":2,"28":2,"29":1,"30":1,"31":2,"32":2,"33":1,"34":1},"f":{"0":6,"1":7,"2":7},"b":{"0":[2,4],"1":[6,5],"2":[3,1],"3":[1,6],"4":[7,7,7,6,6,6],"5":[1,5],"6":[1,4],"7":[4,2],"8":[4,2],"9":[2,1],"10":[1,1]},"_coverageSchema":"1a1c01bbd47fc00a2c39e90264f33305004495a9","hash":"b42806ed24e984cc7a7ab69827ddca85a61fbd53"}
,"/root/hw/cards/backend/api/CRUD/createEvent.js": {"path":"/root/hw/cards/backend/api/CRUD/createEvent.js","statementMap":{"0":{"start":{"line":1,"column":18},"end":{"line":1,"column":47}},"1":{"start":{"line":3,"column":0},"end":{"line":51,"column":2}},"2":{"start":{"line":4,"column":2},"end":{"line":50,"column":5}},"3":{"start":{"line":5,"column":4},"end":{"line":49,"column":5}},"4":{"start":{"line":8,"column":95},"end":{"line":8,"column":103}},"5":{"start":{"line":10,"column":6},"end":{"line":12,"column":7}},"6":{"start":{"line":11,"column":8},"end":{"line":11,"column":74}},"7":{"start":{"line":14,"column":6},"end":{"line":16,"column":7}},"8":{"start":{"line":15,"column":8},"end":{"line":15,"column":88}},"9":{"start":{"line":18,"column":17},"end":{"line":18,"column":42}},"10":{"start":{"line":19,"column":21},"end":{"line":19,"column":44}},"11":{"start":{"line":21,"column":24},"end":{"line":21,"column":84}},"12":{"start":{"line":22,"column":21},"end":{"line":22,"column":72}},"13":{"start":{"line":24,"column":21},"end":{"line":24,"column":61}},"14":{"start":{"line":26,"column":6},"end":{"line":28,"column":7}},"15":{"start":{"line":27,"column":8},"end":{"line":27,"column":64}},"16":{"start":{"line":30,"column":23},"end":{"line":38,"column":7}},"17":{"start":{"line":40,"column":6},"end":{"line":40,"column":39}},"18":{"start":{"line":42,"column":27},"end":{"line":42,"column":51}},"19":{"start":{"line":44,"column":6},"end":{"line":44,"column":77}},"20":{"start":{"line":47,"column":6},"end":{"line":47,"column":55}},"21":{"start":{"line":48,"column":6},"end":{"line":48,"column":54}}},"fnMap":{"0":{"name":"(anonymous_0)","decl":{"start":{"line":3,"column":17},"end":{"line":3,"column":18}},"loc":{"start":{"line":3,"column":50},"end":{"line":51,"column":1}},"line":3},"1":{"name":"(anonymous_1)","decl":{"start":{"line":4,"column":21},"end":{"line":4,"column":22}},"loc":{"start":{"line":4,"column":47},"end":{"line":50,"column":3}},"line":4}},"branchMap":{"0":{"loc":{"start":{"line":10,"column":6},"end":{"line":12,"column":7}},"type":"if","locations":[{"start":{"line":10,"column":6},"end":{"line":12,"column":7}},{"start":{},"end":{}}],"line":10},"1":{"loc":{"start":{"line":10,"column":10},"end":{"line":10,"column":84}},"type":"binary-expr","locations":[{"start":{"line":10,"column":10},"end":{"line":10,"column":16}},{"start":{"line":10,"column":20},"end":{"line":10,"column":31}},{"start":{"line":10,"column":35},"end":{"line":10,"column":52}},{"start":{"line":10,"column":56},"end":{"line":10,"column":66}},{"start":{"line":10,"column":70},"end":{"line":10,"column":84}}],"line":10},"2":{"loc":{"start":{"line":14,"column":6},"end":{"line":16,"column":7}},"type":"if","locations":[{"start":{"line":14,"column":6},"end":{"line":16,"column":7}},{"start":{},"end":{}}],"line":14},"3":{"loc":{"start":{"line":22,"column":21},"end":{"line":22,"column":72}},"type":"cond-expr","locations":[{"start":{"line":22,"column":44},"end":{"line":22,"column":68}},{"start":{"line":22,"column":71},"end":{"line":22,"column":72}}],"line":22},"4":{"loc":{"start":{"line":26,"column":6},"end":{"line":28,"column":7}},"type":"if","locations":[{"start":{"line":26,"column":6},"end":{"line":28,"column":7}},{"start":{},"end":{}}],"line":26}},"s":{"0":1,"1":1,"2":6,"3":6,"4":6,"5":6,"6":1,"7":5,"8":1,"9":4,"10":4,"11":4,"12":4,"13":4,"14":4,"15":1,"16":3,"17":3,"18":2,"19":2,"20":1,"21":1},"f":{"0":6,"1":6},"b":{"0":[1,5],"1":[6,6,5,5,5],"2":[1,4],"3":[1,3],"4":[1,3]},"_coverageSchema":"1a1c01bbd47fc00a2c39e90264f33305004495a9","hash":"a13d12743ac7df2c389ee953095745eed73e099d"}
,"/root/hw/cards/backend/api/CRUD/deleteEvent.js": {"path":"/root/hw/cards/backend/api/CRUD/deleteEvent.js","statementMap":{"0":{"start":{"line":1,"column":18},"end":{"line":1,"column":47}},"1":{"start":{"line":3,"column":0},"end":{"line":51,"column":2}},"2":{"start":{"line":4,"column":1},"end":{"line":50,"column":4}},"3":{"start":{"line":5,"column":2},"end":{"line":49,"column":3}},"4":{"start":{"line":8,"column":30},"end":{"line":8,"column":38}},"5":{"start":{"line":10,"column":3},"end":{"line":12,"column":4}},"6":{"start":{"line":11,"column":4},"end":{"line":11,"column":70}},"7":{"start":{"line":14,"column":3},"end":{"line":16,"column":4}},"8":{"start":{"line":15,"column":4},"end":{"line":15,"column":84}},"9":{"start":{"line":18,"column":14},"end":{"line":18,"column":39}},"10":{"start":{"line":19,"column":18},"end":{"line":19,"column":41}},"11":{"start":{"line":21,"column":18},"end":{"line":21,"column":58}},"12":{"start":{"line":23,"column":3},"end":{"line":25,"column":4}},"13":{"start":{"line":24,"column":4},"end":{"line":24,"column":60}},"14":{"start":{"line":28,"column":26},"end":{"line":28,"column":41}},"15":{"start":{"line":29,"column":24},"end":{"line":29,"column":72}},"16":{"start":{"line":32,"column":18},"end":{"line":32,"column":65}},"17":{"start":{"line":34,"column":21},"end":{"line":34,"column":58}},"18":{"start":{"line":36,"column":28},"end":{"line":36,"column":52}},"19":{"start":{"line":40,"column":5},"end":{"line":42,"column":6}},"20":{"start":{"line":41,"column":6},"end":{"line":41,"column":108}},"21":{"start":{"line":45,"column":5},"end":{"line":45,"column":88}},"22":{"start":{"line":47,"column":3},"end":{"line":47,"column":52}},"23":{"start":{"line":48,"column":3},"end":{"line":48,"column":51}}},"fnMap":{"0":{"name":"(anonymous_0)","decl":{"start":{"line":3,"column":17},"end":{"line":3,"column":18}},"loc":{"start":{"line":3,"column":50},"end":{"line":51,"column":1}},"line":3},"1":{"name":"(anonymous_1)","decl":{"start":{"line":4,"column":20},"end":{"line":4,"column":21}},"loc":{"start":{"line":4,"column":46},"end":{"line":50,"column":2}},"line":4}},"branchMap":{"0":{"loc":{"start":{"line":10,"column":3},"end":{"line":12,"column":4}},"type":"if","locations":[{"start":{"line":10,"column":3},"end":{"line":12,"column":4}},{"start":{},"end":{}}],"line":10},"1":{"loc":{"start":{"line":10,"column":7},"end":{"line":10,"column":78}},"type":"binary-expr","locations":[{"start":{"line":10,"column":7},"end":{"line":10,"column":13}},{"start":{"line":10,"column":18},"end":{"line":10,"column":39}},{"start":{"line":10,"column":43},"end":{"line":10,"column":59}},{"start":{"line":10,"column":63},"end":{"line":10,"column":77}}],"line":10},"2":{"loc":{"start":{"line":14,"column":3},"end":{"line":16,"column":4}},"type":"if","locations":[{"start":{"line":14,"column":3},"end":{"line":16,"column":4}},{"start":{},"end":{}}],"line":14},"3":{"loc":{"start":{"line":23,"column":3},"end":{"line":25,"column":4}},"type":"if","locations":[{"start":{"line":23,"column":3},"end":{"line":25,"column":4}},{"start":{},"end":{}}],"line":23},"4":{"loc":{"start":{"line":29,"column":24},"end":{"line":29,"column":72}},"type":"cond-expr","locations":[{"start":{"line":29,"column":48},"end":{"line":29,"column":55}},{"start":{"line":29,"column":58},"end":{"line":29,"column":72}}],"line":29},"5":{"loc":{"start":{"line":40,"column":5},"end":{"line":42,"column":6}},"type":"if","locations":[{"start":{"line":40,"column":5},"end":{"line":42,"column":6}},{"start":{},"end":{}}],"line":40},"6":{"loc":{"start":{"line":40,"column":9},"end":{"line":40,"column":35}},"type":"binary-expr","locations":[{"start":{"line":40,"column":9},"end":{"line":40,"column":17}},{"start":{"line":40,"column":21},"end":{"line":40,"column":35}}],"line":40}},"s":{"0":1,"1":1,"2":7,"3":7,"4":7,"5":7,"6":1,"7":6,"8":1,"9":5,"10":5,"11":5,"12":5,"13":1,"14":4,"15":4,"16":4,"17":4,"18":3,"19":3,"20":1,"21":2,"22":1,"23":1},"f":{"0":7,"1":7},"b":{"0":[1,6],"1":[7,6,6,6],"2":[1,5],"3":[1,4],"4":[1,3],"5":[1,2],"6":[3,2]},"_coverageSchema":"1a1c01bbd47fc00a2c39e90264f33305004495a9","hash":"b2786fb89a393724e2daf0783878b0de275454a1"}
,"/root/hw/cards/backend/api/CRUD/readEvent.js": {"path":"/root/hw/cards/backend/api/CRUD/readEvent.js","statementMap":{"0":{"start":{"line":1,"column":18},"end":{"line":1,"column":47}},"1":{"start":{"line":3,"column":0},"end":{"line":43,"column":2}},"2":{"start":{"line":4,"column":2},"end":{"line":42,"column":5}},"3":{"start":{"line":5,"column":4},"end":{"line":41,"column":5}},"4":{"start":{"line":9,"column":33},"end":{"line":9,"column":41}},"5":{"start":{"line":11,"column":6},"end":{"line":13,"column":7}},"6":{"start":{"line":12,"column":8},"end":{"line":12,"column":74}},"7":{"start":{"line":15,"column":6},"end":{"line":17,"column":7}},"8":{"start":{"line":16,"column":8},"end":{"line":16,"column":88}},"9":{"start":{"line":19,"column":17},"end":{"line":19,"column":42}},"10":{"start":{"line":20,"column":21},"end":{"line":20,"column":44}},"11":{"start":{"line":24,"column":29},"end":{"line":24,"column":44}},"12":{"start":{"line":26,"column":20},"end":{"line":26,"column":94}},"13":{"start":{"line":28,"column":26},"end":{"line":28,"column":53}},"14":{"start":{"line":30,"column":29},"end":{"line":30,"column":53}},"15":{"start":{"line":32,"column":6},"end":{"line":34,"column":7}},"16":{"start":{"line":33,"column":8},"end":{"line":33,"column":89}},"17":{"start":{"line":36,"column":18},"end":{"line":36,"column":69}},"18":{"start":{"line":37,"column":6},"end":{"line":37,"column":32}},"19":{"start":{"line":39,"column":6},"end":{"line":39,"column":53}},"20":{"start":{"line":40,"column":6},"end":{"line":40,"column":54}}},"fnMap":{"0":{"name":"(anonymous_0)","decl":{"start":{"line":3,"column":17},"end":{"line":3,"column":18}},"loc":{"start":{"line":3,"column":50},"end":{"line":43,"column":1}},"line":3},"1":{"name":"(anonymous_1)","decl":{"start":{"line":4,"column":21},"end":{"line":4,"column":22}},"loc":{"start":{"line":4,"column":47},"end":{"line":42,"column":3}},"line":4}},"branchMap":{"0":{"loc":{"start":{"line":11,"column":6},"end":{"line":13,"column":7}},"type":"if","locations":[{"start":{"line":11,"column":6},"end":{"line":13,"column":7}},{"start":{},"end":{}}],"line":11},"1":{"loc":{"start":{"line":11,"column":10},"end":{"line":11,"column":81}},"type":"binary-expr","locations":[{"start":{"line":11,"column":10},"end":{"line":11,"column":16}},{"start":{"line":11,"column":21},"end":{"line":11,"column":42}},{"start":{"line":11,"column":46},"end":{"line":11,"column":62}},{"start":{"line":11,"column":66},"end":{"line":11,"column":80}}],"line":11},"2":{"loc":{"start":{"line":15,"column":6},"end":{"line":17,"column":7}},"type":"if","locations":[{"start":{"line":15,"column":6},"end":{"line":17,"column":7}},{"start":{},"end":{}}],"line":15},"3":{"loc":{"start":{"line":26,"column":20},"end":{"line":26,"column":94}},"type":"cond-expr","locations":[{"start":{"line":26,"column":44},"end":{"line":26,"column":64}},{"start":{"line":26,"column":67},"end":{"line":26,"column":94}}],"line":26},"4":{"loc":{"start":{"line":32,"column":6},"end":{"line":34,"column":7}},"type":"if","locations":[{"start":{"line":32,"column":6},"end":{"line":34,"column":7}},{"start":{},"end":{}}],"line":32}},"s":{"0":1,"1":1,"2":6,"3":6,"4":6,"5":6,"6":1,"7":5,"8":1,"9":4,"10":4,"11":4,"12":4,"13":4,"14":3,"15":3,"16":1,"17":2,"18":2,"19":1,"20":1},"f":{"0":6,"1":6},"b":{"0":[1,5],"1":[6,5,5,5],"2":[1,4],"3":[1,3],"4":[1,2]},"_coverageSchema":"1a1c01bbd47fc00a2c39e90264f33305004495a9","hash":"9af95e7ab4b2bc11fe83d6600caf0a7bb053b6fe"}
,"/root/hw/cards/backend/api/CRUD/searchEvents.js": {"path":"/root/hw/cards/backend/api/CRUD/searchEvents.js","statementMap":{"0":{"start":{"line":1,"column":18},"end":{"line":1,"column":47}},"1":{"start":{"line":3,"column":0},"end":{"line":82,"column":2}},"2":{"start":{"line":4,"column":2},"end":{"line":81,"column":5}},"3":{"start":{"line":5,"column":4},"end":{"line":80,"column":5}},"4":{"start":{"line":14,"column":77},"end":{"line":14,"column":85}},"5":{"start":{"line":16,"column":6},"end":{"line":18,"column":7}},"6":{"start":{"line":17,"column":8},"end":{"line":17,"column":74}},"7":{"start":{"line":20,"column":6},"end":{"line":22,"column":7}},"8":{"start":{"line":21,"column":8},"end":{"line":21,"column":88}},"9":{"start":{"line":24,"column":17},"end":{"line":24,"column":42}},"10":{"start":{"line":25,"column":21},"end":{"line":25,"column":44}},"11":{"start":{"line":27,"column":18},"end":{"line":27,"column":20}},"12":{"start":{"line":31,"column":6},"end":{"line":39,"column":7}},"13":{"start":{"line":32,"column":19},"end":{"line":32,"column":47}},"14":{"start":{"line":33,"column":22},"end":{"line":33,"column":80}},"15":{"start":{"line":34,"column":8},"end":{"line":38,"column":10}},"16":{"start":{"line":43,"column":6},"end":{"line":47,"column":7}},"17":{"start":{"line":44,"column":29},"end":{"line":44,"column":44}},"18":{"start":{"line":45,"column":27},"end":{"line":45,"column":79}},"19":{"start":{"line":46,"column":8},"end":{"line":46,"column":129}},"20":{"start":{"line":51,"column":16},"end":{"line":51,"column":18}},"21":{"start":{"line":52,"column":15},"end":{"line":52,"column":16}},"22":{"start":{"line":53,"column":6},"end":{"line":65,"column":7}},"23":{"start":{"line":54,"column":18},"end":{"line":54,"column":36}},"24":{"start":{"line":55,"column":19},"end":{"line":55,"column":41}},"25":{"start":{"line":56,"column":8},"end":{"line":59,"column":9}},"26":{"start":{"line":57,"column":10},"end":{"line":57,"column":28}},"27":{"start":{"line":58,"column":10},"end":{"line":58,"column":19}},"28":{"start":{"line":61,"column":28},"end":{"line":61,"column":47}},"29":{"start":{"line":62,"column":27},"end":{"line":62,"column":45}},"30":{"start":{"line":63,"column":8},"end":{"line":63,"column":70}},"31":{"start":{"line":63,"column":52},"end":{"line":63,"column":70}},"32":{"start":{"line":64,"column":8},"end":{"line":64,"column":67}},"33":{"start":{"line":64,"column":51},"end":{"line":64,"column":67}},"34":{"start":{"line":67,"column":24},"end":{"line":67,"column":27}},"35":{"start":{"line":68,"column":6},"end":{"line":68,"column":43}},"36":{"start":{"line":68,"column":27},"end":{"line":68,"column":43}},"37":{"start":{"line":70,"column":21},"end":{"line":70,"column":59}},"38":{"start":{"line":71,"column":27},"end":{"line":71,"column":49}},"39":{"start":{"line":72,"column":25},"end":{"line":72,"column":59}},"40":{"start":{"line":74,"column":29},"end":{"line":74,"column":53}},"41":{"start":{"line":76,"column":6},"end":{"line":76,"column":129}},"42":{"start":{"line":78,"column":6},"end":{"line":78,"column":56}},"43":{"start":{"line":79,"column":6},"end":{"line":79,"column":54}}},"fnMap":{"0":{"name":"(anonymous_0)","decl":{"start":{"line":3,"column":17},"end":{"line":3,"column":18}},"loc":{"start":{"line":3,"column":50},"end":{"line":82,"column":1}},"line":3},"1":{"name":"(anonymous_1)","decl":{"start":{"line":4,"column":21},"end":{"line":4,"column":22}},"loc":{"start":{"line":4,"column":47},"end":{"line":81,"column":3}},"line":4}},"branchMap":{"0":{"loc":{"start":{"line":16,"column":6},"end":{"line":18,"column":7}},"type":"if","locations":[{"start":{"line":16,"column":6},"end":{"line":18,"column":7}},{"start":{},"end":{}}],"line":16},"1":{"loc":{"start":{"line":20,"column":6},"end":{"line":22,"column":7}},"type":"if","locations":[{"start":{"line":20,"column":6},"end":{"line":22,"column":7}},{"start":{},"end":{}}],"line":20},"2":{"loc":{"start":{"line":31,"column":6},"end":{"line":39,"column":7}},"type":"if","locations":[{"start":{"line":31,"column":6},"end":{"line":39,"column":7}},{"start":{},"end":{}}],"line":31},"3":{"loc":{"start":{"line":31,"column":10},"end":{"line":31,"column":102}},"type":"binary-expr","locations":[{"start":{"line":31,"column":10},"end":{"line":31,"column":37}},{"start":{"line":31,"column":41},"end":{"line":31,"column":63}},{"start":{"line":31,"column":67},"end":{"line":31,"column":102}}],"line":31},"4":{"loc":{"start":{"line":43,"column":6},"end":{"line":47,"column":7}},"type":"if","locations":[{"start":{"line":43,"column":6},"end":{"line":47,"column":7}},{"start":{},"end":{}}],"line":43},"5":{"loc":{"start":{"line":43,"column":10},"end":{"line":43,"column":84}},"type":"binary-expr","locations":[{"start":{"line":43,"column":10},"end":{"line":43,"column":31}},{"start":{"line":43,"column":35},"end":{"line":43,"column":51}},{"start":{"line":43,"column":55},"end":{"line":43,"column":84}}],"line":43},"6":{"loc":{"start":{"line":45,"column":27},"end":{"line":45,"column":79}},"type":"cond-expr","locations":[{"start":{"line":45,"column":49},"end":{"line":45,"column":64}},{"start":{"line":45,"column":67},"end":{"line":45,"column":79}}],"line":45},"7":{"loc":{"start":{"line":46,"column":16},"end":{"line":46,"column":128}},"type":"cond-expr","locations":[{"start":{"line":46,"column":50},"end":{"line":46,"column":78}},{"start":{"line":46,"column":81},"end":{"line":46,"column":128}}],"line":46},"8":{"loc":{"start":{"line":53,"column":6},"end":{"line":65,"column":7}},"type":"if","locations":[{"start":{"line":53,"column":6},"end":{"line":65,"column":7}},{"start":{"line":60,"column":13},"end":{"line":65,"column":7}}],"line":53},"9":{"loc":{"start":{"line":53,"column":10},"end":{"line":53,"column":54}},"type":"binary-expr","locations":[{"start":{"line":53,"column":10},"end":{"line":53,"column":28}},{"start":{"line":53,"column":32},"end":{"line":53,"column":54}}],"line":53},"10":{"loc":{"start":{"line":56,"column":8},"end":{"line":59,"column":9}},"type":"if","locations":[{"start":{"line":56,"column":8},"end":{"line":59,"column":9}},{"start":{},"end":{}}],"line":56},"11":{"loc":{"start":{"line":56,"column":12},"end":{"line":56,"column":54}},"type":"binary-expr","locations":[{"start":{"line":56,"column":12},"end":{"line":56,"column":21}},{"start":{"line":56,"column":25},"end":{"line":56,"column":30}},{"start":{"line":56,"column":34},"end":{"line":56,"column":44}},{"start":{"line":56,"column":48},"end":{"line":56,"column":54}}],"line":56},"12":{"loc":{"start":{"line":63,"column":8},"end":{"line":63,"column":70}},"type":"if","locations":[{"start":{"line":63,"column":8},"end":{"line":63,"column":70}},{"start":{},"end":{}}],"line":63},"13":{"loc":{"start":{"line":63,"column":12},"end":{"line":63,"column":50}},"type":"binary-expr","locations":[{"start":{"line":63,"column":12},"end":{"line":63,"column":31}},{"start":{"line":63,"column":35},"end":{"line":63,"column":50}}],"line":63},"14":{"loc":{"start":{"line":64,"column":8},"end":{"line":64,"column":67}},"type":"if","locations":[{"start":{"line":64,"column":8},"end":{"line":64,"column":67}},{"start":{},"end":{}}],"line":64},"15":{"loc":{"start":{"line":64,"column":12},"end":{"line":64,"column":49}},"type":"binary-expr","locations":[{"start":{"line":64,"column":12},"end":{"line":64,"column":30}},{"start":{"line":64,"column":34},"end":{"line":64,"column":49}}],"line":64},"16":{"loc":{"start":{"line":68,"column":6},"end":{"line":68,"column":43}},"type":"if","locations":[{"start":{"line":68,"column":6},"end":{"line":68,"column":43}},{"start":{},"end":{}}],"line":68}},"s":{"0":1,"1":1,"2":11,"3":12,"4":12,"5":12,"6":1,"7":11,"8":1,"9":10,"10":10,"11":10,"12":10,"13":2,"14":2,"15":2,"16":10,"17":4,"18":4,"19":4,"20":10,"21":10,"22":10,"23":2,"24":2,"25":2,"26":1,"27":1,"28":8,"29":8,"30":8,"31":7,"32":8,"33":7,"34":10,"35":10,"36":1,"37":10,"38":10,"39":9,"40":9,"41":9,"42":1,"43":1},"f":{"0":11,"1":12},"b":{"0":[1,11],"1":[1,10],"2":[2,8],"3":[10,2,2],"4":[4,6],"5":[10,4,4],"6":[1,3],"7":[3,1],"8":[2,8],"9":[10,2],"10":[1,1],"11":[2,2,1,1],"12":[7,1],"13":[8,7],"14":[7,1],"15":[8,7],"16":[1,9]},"_coverageSchema":"1a1c01bbd47fc00a2c39e90264f33305004495a9","hash":"4585582737a531490ddf9b5c54adccb764b5d861"}
,"/root/hw/cards/backend/api/CRUD/toggleLike.js": {"path":"/root/hw/cards/backend/api/CRUD/toggleLike.js","statementMap":{"0":{"start":{"line":1,"column":18},"end":{"line":1,"column":47}},"1":{"start":{"line":3,"column":25},"end":{"line":8,"column":1}},"2":{"start":{"line":4,"column":2},"end":{"line":4,"column":61}},"3":{"start":{"line":4,"column":49},"end":{"line":4,"column":61}},"4":{"start":{"line":5,"column":18},"end":{"line":5,"column":33}},"5":{"start":{"line":6,"column":2},"end":{"line":6,"column":45}},"6":{"start":{"line":6,"column":30},"end":{"line":6,"column":45}},"7":{"start":{"line":7,"column":2},"end":{"line":7,"column":17}},"8":{"start":{"line":10,"column":0},"end":{"line":79,"column":2}},"9":{"start":{"line":11,"column":2},"end":{"line":78,"column":5}},"10":{"start":{"line":12,"column":4},"end":{"line":77,"column":5}},"11":{"start":{"line":13,"column":33},"end":{"line":13,"column":41}},"12":{"start":{"line":15,"column":6},"end":{"line":17,"column":7}},"13":{"start":{"line":16,"column":8},"end":{"line":16,"column":74}},"14":{"start":{"line":19,"column":6},"end":{"line":21,"column":7}},"15":{"start":{"line":20,"column":8},"end":{"line":20,"column":88}},"16":{"start":{"line":23,"column":19},"end":{"line":23,"column":52}},"17":{"start":{"line":24,"column":6},"end":{"line":26,"column":7}},"18":{"start":{"line":25,"column":8},"end":{"line":25,"column":64}},"19":{"start":{"line":28,"column":17},"end":{"line":28,"column":42}},"20":{"start":{"line":29,"column":21},"end":{"line":29,"column":44}},"21":{"start":{"line":31,"column":27},"end":{"line":31,"column":52}},"22":{"start":{"line":33,"column":26},"end":{"line":33,"column":73}},"23":{"start":{"line":34,"column":6},"end":{"line":37,"column":7}},"24":{"start":{"line":35,"column":31},"end":{"line":35,"column":55}},"25":{"start":{"line":36,"column":8},"end":{"line":36,"column":89}},"26":{"start":{"line":39,"column":25},"end":{"line":39,"column":59}},"27":{"start":{"line":40,"column":18},"end":{"line":40,"column":40}},"28":{"start":{"line":43,"column":6},"end":{"line":51,"column":7}},"29":{"start":{"line":44,"column":8},"end":{"line":44,"column":39}},"30":{"start":{"line":45,"column":8},"end":{"line":45,"column":39}},"31":{"start":{"line":46,"column":8},"end":{"line":46,"column":22}},"32":{"start":{"line":48,"column":8},"end":{"line":48,"column":36}},"33":{"start":{"line":49,"column":8},"end":{"line":49,"column":19}},"34":{"start":{"line":50,"column":8},"end":{"line":50,"column":21}},"35":{"start":{"line":53,"column":21},"end":{"line":58,"column":7}},"36":{"start":{"line":60,"column":27},"end":{"line":64,"column":7}},"37":{"start":{"line":66,"column":29},"end":{"line":66,"column":53}},"38":{"start":{"line":68,"column":6},"end":{"line":73,"column":9}},"39":{"start":{"line":75,"column":6},"end":{"line":75,"column":54}},"40":{"start":{"line":76,"column":6},"end":{"line":76,"column":54}}},"fnMap":{"0":{"name":"(anonymous_0)","decl":{"start":{"line":3,"column":25},"end":{"line":3,"column":26}},"loc":{"start":{"line":3,"column":38},"end":{"line":8,"column":1}},"line":3},"1":{"name":"(anonymous_1)","decl":{"start":{"line":10,"column":17},"end":{"line":10,"column":18}},"loc":{"start":{"line":10,"column":50},"end":{"line":79,"column":1}},"line":10},"2":{"name":"(anonymous_2)","decl":{"start":{"line":11,"column":21},"end":{"line":11,"column":22}},"loc":{"start":{"line":11,"column":41},"end":{"line":78,"column":3}},"line":11}},"branchMap":{"0":{"loc":{"start":{"line":4,"column":2},"end":{"line":4,"column":61}},"type":"if","locations":[{"start":{"line":4,"column":2},"end":{"line":4,"column":61}},{"start":{},"end":{}}],"line":4},"1":{"loc":{"start":{"line":4,"column":6},"end":{"line":4,"column":47}},"type":"binary-expr","locations":[{"start":{"line":4,"column":6},"end":{"line":4,"column":27}},{"start":{"line":4,"column":31},"end":{"line":4,"column":47}}],"line":4},"2":{"loc":{"start":{"line":6,"column":2},"end":{"line":6,"column":45}},"type":"if","locations":[{"start":{"line":6,"column":2},"end":{"line":6,"column":45}},{"start":{},"end":{}}],"line":6},"3":{"loc":{"start":{"line":15,"column":6},"end":{"line":17,"column":7}},"type":"if","locations":[{"start":{"line":15,"column":6},"end":{"line":17,"column":7}},{"start":{},"end":{}}],"line":15},"4":{"loc":{"start":{"line":15,"column":10},"end":{"line":15,"column":79}},"type":"binary-expr","locations":[{"start":{"line":15,"column":10},"end":{"line":15,"column":16}},{"start":{"line":15,"column":20},"end":{"line":15,"column":41}},{"start":{"line":15,"column":45},"end":{"line":15,"column":61}},{"start":{"line":15,"column":65},"end":{"line":15,"column":79}}],"line":15},"5":{"loc":{"start":{"line":19,"column":6},"end":{"line":21,"column":7}},"type":"if","locations":[{"start":{"line":19,"column":6},"end":{"line":21,"column":7}},{"start":{},"end":{}}],"line":19},"6":{"loc":{"start":{"line":24,"column":6},"end":{"line":26,"column":7}},"type":"if","locations":[{"start":{"line":24,"column":6},"end":{"line":26,"column":7}},{"start":{},"end":{}}],"line":24},"7":{"loc":{"start":{"line":34,"column":6},"end":{"line":37,"column":7}},"type":"if","locations":[{"start":{"line":34,"column":6},"end":{"line":37,"column":7}},{"start":{},"end":{}}],"line":34},"8":{"loc":{"start":{"line":39,"column":33},"end":{"line":39,"column":58}},"type":"binary-expr","locations":[{"start":{"line":39,"column":33},"end":{"line":39,"column":52}},{"start":{"line":39,"column":56},"end":{"line":39,"column":58}}],"line":39},"9":{"loc":{"start":{"line":40,"column":18},"end":{"line":40,"column":40}},"type":"binary-expr","locations":[{"start":{"line":40,"column":18},"end":{"line":40,"column":35}},{"start":{"line":40,"column":39},"end":{"line":40,"column":40}}],"line":40},"10":{"loc":{"start":{"line":43,"column":6},"end":{"line":51,"column":7}},"type":"if","locations":[{"start":{"line":43,"column":6},"end":{"line":51,"column":7}},{"start":{"line":47,"column":13},"end":{"line":51,"column":7}}],"line":43}},"s":{"0":1,"1":1,"2":4,"3":0,"4":4,"5":4,"6":4,"7":0,"8":1,"9":7,"10":7,"11":7,"12":7,"13":1,"14":6,"15":1,"16":5,"17":5,"18":1,"19":4,"20":4,"21":4,"22":4,"23":3,"24":1,"25":1,"26":2,"27":2,"28":2,"29":1,"30":1,"31":1,"32":1,"33":1,"34":1,"35":2,"36":2,"37":2,"38":2,"39":1,"40":1},"f":{"0":4,"1":7,"2":7},"b":{"0":[0,4],"1":[4,4],"2":[4,0],"3":[1,6],"4":[7,7,6,6],"5":[1,5],"6":[1,4],"7":[1,2],"8":[2,0],"9":[2,1],"10":[1,1]},"_coverageSchema":"1a1c01bbd47fc00a2c39e90264f33305004495a9","hash":"ed9bdf0f7c22a2616deb3109f33e14b62121abb2"}
,"/root/hw/cards/backend/api/CRUD/updateEvent.js": {"path":"/root/hw/cards/backend/api/CRUD/updateEvent.js","statementMap":{"0":{"start":{"line":1,"column":18},"end":{"line":1,"column":47}},"1":{"start":{"line":3,"column":0},"end":{"line":62,"column":2}},"2":{"start":{"line":4,"column":1},"end":{"line":61,"column":4}},"3":{"start":{"line":5,"column":2},"end":{"line":60,"column":3}},"4":{"start":{"line":8,"column":101},"end":{"line":8,"column":109}},"5":{"start":{"line":10,"column":3},"end":{"line":12,"column":4}},"6":{"start":{"line":11,"column":4},"end":{"line":11,"column":70}},"7":{"start":{"line":14,"column":3},"end":{"line":16,"column":4}},"8":{"start":{"line":15,"column":4},"end":{"line":15,"column":84}},"9":{"start":{"line":19,"column":26},"end":{"line":19,"column":41}},"10":{"start":{"line":20,"column":24},"end":{"line":20,"column":72}},"11":{"start":{"line":22,"column":14},"end":{"line":22,"column":39}},"12":{"start":{"line":23,"column":18},"end":{"line":23,"column":41}},"13":{"start":{"line":25,"column":18},"end":{"line":25,"column":58}},"14":{"start":{"line":27,"column":3},"end":{"line":29,"column":4}},"15":{"start":{"line":28,"column":4},"end":{"line":28,"column":60}},"16":{"start":{"line":32,"column":24},"end":{"line":32,"column":26}},"17":{"start":{"line":33,"column":3},"end":{"line":33,"column":70}},"18":{"start":{"line":33,"column":33},"end":{"line":33,"column":70}},"19":{"start":{"line":34,"column":3},"end":{"line":34,"column":88}},"20":{"start":{"line":34,"column":39},"end":{"line":34,"column":88}},"21":{"start":{"line":35,"column":3},"end":{"line":35,"column":67}},"22":{"start":{"line":35,"column":32},"end":{"line":35,"column":67}},"23":{"start":{"line":36,"column":3},"end":{"line":36,"column":79}},"24":{"start":{"line":36,"column":36},"end":{"line":36,"column":79}},"25":{"start":{"line":37,"column":3},"end":{"line":37,"column":79}},"26":{"start":{"line":37,"column":36},"end":{"line":37,"column":79}},"27":{"start":{"line":39,"column":3},"end":{"line":42,"column":4}},"28":{"start":{"line":40,"column":27},"end":{"line":40,"column":51}},"29":{"start":{"line":41,"column":4},"end":{"line":41,"column":89}},"30":{"start":{"line":45,"column":18},"end":{"line":45,"column":65}},"31":{"start":{"line":46,"column":18},"end":{"line":46,"column":72}},"32":{"start":{"line":48,"column":26},"end":{"line":48,"column":50}},"33":{"start":{"line":50,"column":3},"end":{"line":52,"column":4}},"34":{"start":{"line":51,"column":4},"end":{"line":51,"column":106}},"35":{"start":{"line":54,"column":24},"end":{"line":54,"column":52}},"36":{"start":{"line":56,"column":3},"end":{"line":56,"column":85}},"37":{"start":{"line":58,"column":3},"end":{"line":58,"column":52}},"38":{"start":{"line":59,"column":3},"end":{"line":59,"column":51}}},"fnMap":{"0":{"name":"(anonymous_0)","decl":{"start":{"line":3,"column":17},"end":{"line":3,"column":18}},"loc":{"start":{"line":3,"column":50},"end":{"line":62,"column":1}},"line":3},"1":{"name":"(anonymous_1)","decl":{"start":{"line":4,"column":20},"end":{"line":4,"column":21}},"loc":{"start":{"line":4,"column":46},"end":{"line":61,"column":2}},"line":4}},"branchMap":{"0":{"loc":{"start":{"line":10,"column":3},"end":{"line":12,"column":4}},"type":"if","locations":[{"start":{"line":10,"column":3},"end":{"line":12,"column":4}},{"start":{},"end":{}}],"line":10},"1":{"loc":{"start":{"line":10,"column":7},"end":{"line":10,"column":78}},"type":"binary-expr","locations":[{"start":{"line":10,"column":7},"end":{"line":10,"column":13}},{"start":{"line":10,"column":18},"end":{"line":10,"column":39}},{"start":{"line":10,"column":43},"end":{"line":10,"column":59}},{"start":{"line":10,"column":63},"end":{"line":10,"column":77}}],"line":10},"2":{"loc":{"start":{"line":14,"column":3},"end":{"line":16,"column":4}},"type":"if","locations":[{"start":{"line":14,"column":3},"end":{"line":16,"column":4}},{"start":{},"end":{}}],"line":14},"3":{"loc":{"start":{"line":20,"column":24},"end":{"line":20,"column":72}},"type":"cond-expr","locations":[{"start":{"line":20,"column":48},"end":{"line":20,"column":55}},{"start":{"line":20,"column":58},"end":{"line":20,"column":72}}],"line":20},"4":{"loc":{"start":{"line":27,"column":3},"end":{"line":29,"column":4}},"type":"if","locations":[{"start":{"line":27,"column":3},"end":{"line":29,"column":4}},{"start":{},"end":{}}],"line":27},"5":{"loc":{"start":{"line":33,"column":3},"end":{"line":33,"column":70}},"type":"if","locations":[{"start":{"line":33,"column":3},"end":{"line":33,"column":70}},{"start":{},"end":{}}],"line":33},"6":{"loc":{"start":{"line":34,"column":3},"end":{"line":34,"column":88}},"type":"if","locations":[{"start":{"line":34,"column":3},"end":{"line":34,"column":88}},{"start":{},"end":{}}],"line":34},"7":{"loc":{"start":{"line":35,"column":3},"end":{"line":35,"column":67}},"type":"if","locations":[{"start":{"line":35,"column":3},"end":{"line":35,"column":67}},{"start":{},"end":{}}],"line":35},"8":{"loc":{"start":{"line":36,"column":3},"end":{"line":36,"column":79}},"type":"if","locations":[{"start":{"line":36,"column":3},"end":{"line":36,"column":79}},{"start":{},"end":{}}],"line":36},"9":{"loc":{"start":{"line":37,"column":3},"end":{"line":37,"column":79}},"type":"if","locations":[{"start":{"line":37,"column":3},"end":{"line":37,"column":79}},{"start":{},"end":{}}],"line":37},"10":{"loc":{"start":{"line":39,"column":3},"end":{"line":42,"column":4}},"type":"if","locations":[{"start":{"line":39,"column":3},"end":{"line":42,"column":4}},{"start":{},"end":{}}],"line":39},"11":{"loc":{"start":{"line":50,"column":3},"end":{"line":52,"column":4}},"type":"if","locations":[{"start":{"line":50,"column":3},"end":{"line":52,"column":4}},{"start":{},"end":{}}],"line":50}},"s":{"0":1,"1":1,"2":8,"3":8,"4":8,"5":8,"6":1,"7":7,"8":1,"9":6,"10":6,"11":6,"12":6,"13":6,"14":6,"15":1,"16":5,"17":5,"18":4,"19":5,"20":1,"21":5,"22":1,"23":5,"24":1,"25":5,"26":1,"27":5,"28":1,"29":1,"30":4,"31":4,"32":3,"33":3,"34":1,"35":2,"36":2,"37":1,"38":1},"f":{"0":8,"1":8},"b":{"0":[1,7],"1":[8,7,7,7],"2":[1,6],"3":[1,5],"4":[1,5],"5":[4,1],"6":[1,4],"7":[1,4],"8":[1,4],"9":[1,4],"10":[1,4],"11":[1,2]},"_coverageSchema":"1a1c01bbd47fc00a2c39e90264f33305004495a9","hash":"d54b969904bb5bbaf476d3f036afa06bb9f6ce1a"}
}
