TN:
SF:api/CRUD/addComment.js
FN:3,(anonymous_0)
FN:13,(anonymous_1)
FN:14,(anonymous_2)
FNF:3
FNH:3
FNDA:6,(anonymous_0)
FNDA:7,(anonymous_1)
FNDA:7,(anonymous_2)
DA:1,1
DA:3,1
DA:4,6
DA:5,4
DA:6,4
DA:7,1
DA:11,1
DA:13,1
DA:14,7
DA:15,7
DA:16,7
DA:18,7
DA:19,1
DA:22,6
DA:23,1
DA:26,5
DA:27,5
DA:28,1
DA:31,4
DA:32,4
DA:34,4
DA:36,4
DA:44,4
DA:52,3
DA:54,3
DA:55,2
DA:56,2
DA:57,1
DA:58,1
DA:62,2
DA:64,2
DA:70,1
DA:71,1
LF:33
LH:33
BRDA:4,0,0,2
BRDA:4,0,1,4
BRDA:4,1,0,6
BRDA:4,1,1,5
BRDA:6,2,0,3
BRDA:6,2,1,1
BRDA:18,3,0,1
BRDA:18,3,1,6
BRDA:18,4,0,7
BRDA:18,4,1,7
BRDA:18,4,2,7
BRDA:18,4,3,6
BRDA:18,4,4,6
BRDA:18,4,5,6
BRDA:22,5,0,1
BRDA:22,5,1,5
BRDA:27,6,0,1
BRDA:27,6,1,4
BRDA:39,7,0,4
BRDA:39,7,1,2
BRDA:39,8,0,4
BRDA:39,8,1,2
BRDA:54,9,0,2
BRDA:54,9,1,1
BRDA:56,10,0,1
BRDA:56,10,1,1
BRF:26
BRH:26
end_of_record
TN:
SF:api/CRUD/createEvent.js
FN:3,(anonymous_0)
FN:4,(anonymous_1)
FNF:2
FNH:2
FNDA:6,(anonymous_0)
FNDA:6,(anonymous_1)
DA:1,1
DA:3,1
DA:4,6
DA:5,6
DA:8,6
DA:10,6
DA:11,1
DA:14,5
DA:15,1
DA:18,4
DA:19,4
DA:21,4
DA:22,4
DA:24,4
DA:26,4
DA:27,1
DA:30,3
DA:40,3
DA:42,2
DA:44,2
DA:47,1
DA:48,1
LF:22
LH:22
BRDA:10,0,0,1
BRDA:10,0,1,5
BRDA:10,1,0,6
BRDA:10,1,1,6
BRDA:10,1,2,5
BRDA:10,1,3,5
BRDA:10,1,4,5
BRDA:14,2,0,1
BRDA:14,2,1,4
BRDA:22,3,0,1
BRDA:22,3,1,3
BRDA:26,4,0,1
BRDA:26,4,1,3
BRF:13
BRH:13
end_of_record
TN:
SF:api/CRUD/deleteEvent.js
FN:3,(anonymous_0)
FN:4,(anonymous_1)
FNF:2
FNH:2
FNDA:7,(anonymous_0)
FNDA:7,(anonymous_1)
DA:1,1
DA:3,1
DA:4,7
DA:5,7
DA:8,7
DA:10,7
DA:11,1
DA:14,6
DA:15,1
DA:18,5
DA:19,5
DA:21,5
DA:23,5
DA:24,1
DA:28,4
DA:29,4
DA:32,4
DA:34,4
DA:36,3
DA:40,3
DA:41,1
DA:45,2
DA:47,1
DA:48,1
LF:24
LH:24
BRDA:10,0,0,1
BRDA:10,0,1,6
BRDA:10,1,0,7
BRDA:10,1,1,6
BRDA:10,1,2,6
BRDA:10,1,3,6
BRDA:14,2,0,1
BRDA:14,2,1,5
BRDA:23,3,0,1
BRDA:23,3,1,4
BRDA:29,4,0,1
BRDA:29,4,1,3
BRDA:40,5,0,1
BRDA:40,5,1,2
BRDA:40,6,0,3
BRDA:40,6,1,2
BRF:16
BRH:16
end_of_record
TN:
SF:api/CRUD/readEvent.js
FN:3,(anonymous_0)
FN:4,(anonymous_1)
FNF:2
FNH:2
FNDA:6,(anonymous_0)
FNDA:6,(anonymous_1)
DA:1,1
DA:3,1
DA:4,6
DA:5,6
DA:9,6
DA:11,6
DA:12,1
DA:15,5
DA:16,1
DA:19,4
DA:20,4
DA:24,4
DA:26,4
DA:28,4
DA:30,3
DA:32,3
DA:33,1
DA:36,2
DA:37,2
DA:39,1
DA:40,1
LF:21
LH:21
BRDA:11,0,0,1
BRDA:11,0,1,5
BRDA:11,1,0,6
BRDA:11,1,1,5
BRDA:11,1,2,5
BRDA:11,1,3,5
BRDA:15,2,0,1
BRDA:15,2,1,4
BRDA:26,3,0,1
BRDA:26,3,1,3
BRDA:32,4,0,1
BRDA:32,4,1,2
BRF:12
BRH:12
end_of_record
TN:
SF:api/CRUD/searchEvents.js
FN:3,(anonymous_0)
FN:4,(anonymous_1)
FNF:2
FNH:2
FNDA:11,(anonymous_0)
FNDA:12,(anonymous_1)
DA:1,1
DA:3,1
DA:4,11
DA:5,12
DA:14,12
DA:16,12
DA:17,1
DA:20,11
DA:21,1
DA:24,10
DA:25,10
DA:27,10
DA:31,10
DA:32,2
DA:33,2
DA:34,2
DA:43,10
DA:44,4
DA:45,4
DA:46,4
DA:51,10
DA:52,10
DA:53,10
DA:54,2
DA:55,2
DA:56,2
DA:57,1
DA:58,1
DA:61,8
DA:62,8
DA:63,8
DA:64,8
DA:67,10
DA:68,10
DA:70,10
DA:71,10
DA:72,9
DA:74,9
DA:76,9
DA:78,1
DA:79,1
LF:41
LH:41
BRDA:16,0,0,1
BRDA:16,0,1,11
BRDA:20,1,0,1
BRDA:20,1,1,10
BRDA:31,2,0,2
BRDA:31,2,1,8
BRDA:31,3,0,10
BRDA:31,3,1,2
BRDA:31,3,2,2
BRDA:43,4,0,4
BRDA:43,4,1,6
BRDA:43,5,0,10
BRDA:43,5,1,4
BRDA:43,5,2,4
BRDA:45,6,0,1
BRDA:45,6,1,3
BRDA:46,7,0,3
BRDA:46,7,1,1
BRDA:53,8,0,2
BRDA:53,8,1,8
BRDA:53,9,0,10
BRDA:53,9,1,2
BRDA:56,10,0,1
BRDA:56,10,1,1
BRDA:56,11,0,2
BRDA:56,11,1,2
BRDA:56,11,2,1
BRDA:56,11,3,1
BRDA:63,12,0,7
BRDA:63,12,1,1
BRDA:63,13,0,8
BRDA:63,13,1,7
BRDA:64,14,0,7
BRDA:64,14,1,1
BRDA:64,15,0,8
BRDA:64,15,1,7
BRDA:68,16,0,1
BRDA:68,16,1,9
BRF:38
BRH:38
end_of_record
TN:
SF:api/CRUD/toggleLike.js
FN:3,(anonymous_0)
FN:10,(anonymous_1)
FN:11,(anonymous_2)
FNF:3
FNH:3
FNDA:4,(anonymous_0)
FNDA:7,(anonymous_1)
FNDA:7,(anonymous_2)
DA:1,1
DA:3,1
DA:4,4
DA:5,4
DA:6,4
DA:7,0
DA:10,1
DA:11,7
DA:12,7
DA:13,7
DA:15,7
DA:16,1
DA:19,6
DA:20,1
DA:23,5
DA:24,5
DA:25,1
DA:28,4
DA:29,4
DA:31,4
DA:33,4
DA:34,3
DA:35,1
DA:36,1
DA:39,2
DA:40,2
DA:43,2
DA:44,1
DA:45,1
DA:46,1
DA:48,1
DA:49,1
DA:50,1
DA:53,2
DA:60,2
DA:66,2
DA:68,2
DA:75,1
DA:76,1
LF:39
LH:38
BRDA:4,0,0,0
BRDA:4,0,1,4
BRDA:4,1,0,4
BRDA:4,1,1,4
BRDA:6,2,0,4
BRDA:6,2,1,0
BRDA:15,3,0,1
BRDA:15,3,1,6
BRDA:15,4,0,7
BRDA:15,4,1,7
BRDA:15,4,2,6
BRDA:15,4,3,6
BRDA:19,5,0,1
BRDA:19,5,1,5
BRDA:24,6,0,1
BRDA:24,6,1,4
BRDA:34,7,0,1
BRDA:34,7,1,2
BRDA:39,8,0,2
BRDA:39,8,1,0
BRDA:40,9,0,2
BRDA:40,9,1,1
BRDA:43,10,0,1
BRDA:43,10,1,1
BRF:24
BRH:21
end_of_record
TN:
SF:api/CRUD/updateEvent.js
FN:3,(anonymous_0)
FN:4,(anonymous_1)
FNF:2
FNH:2
FNDA:8,(anonymous_0)
FNDA:8,(anonymous_1)
DA:1,1
DA:3,1
DA:4,8
DA:5,8
DA:8,8
DA:10,8
DA:11,1
DA:14,7
DA:15,1
DA:19,6
DA:20,6
DA:22,6
DA:23,6
DA:25,6
DA:27,6
DA:28,1
DA:32,5
DA:33,5
DA:34,5
DA:35,5
DA:36,5
DA:37,5
DA:39,5
DA:40,1
DA:41,1
DA:45,4
DA:46,4
DA:48,3
DA:50,3
DA:51,1
DA:54,2
DA:56,2
DA:58,1
DA:59,1
LF:34
LH:34
BRDA:10,0,0,1
BRDA:10,0,1,7
BRDA:10,1,0,8
BRDA:10,1,1,7
BRDA:10,1,2,7
BRDA:10,1,3,7
BRDA:14,2,0,1
BRDA:14,2,1,6
BRDA:20,3,0,1
BRDA:20,3,1,5
BRDA:27,4,0,1
BRDA:27,4,1,5
BRDA:33,5,0,4
BRDA:33,5,1,1
BRDA:34,6,0,1
BRDA:34,6,1,4
BRDA:35,7,0,1
BRDA:35,7,1,4
BRDA:36,8,0,1
BRDA:36,8,1,4
BRDA:37,9,0,1
BRDA:37,9,1,4
BRDA:39,10,0,1
BRDA:39,10,1,4
BRDA:50,11,0,1
BRDA:50,11,1,2
BRF:26
BRH:26
end_of_record
